<?xml version="1.0" encoding="UTF-8"?>
<testsuite xmlns:xsi="http://www.w3.org/2001/XMLSchema-instance" xsi:noNamespaceSchemaLocation="https://maven.apache.org/surefire/maven-surefire-plugin/xsd/surefire-test-report-3.0.xsd" version="3.0" name="com.demoup.sort.SortAlgorithmTest" time="0.21" tests="3" errors="0" skipped="0" failures="0">
  <properties>
[...]
</properties>
  <testcase name="testMergeSort" classname="com.demoup.sort.SortAlgorithmTest" time="0.085"/>
  <testcase name="testDefaultSort" classname="com.demoup.sort.SortAlgorithmTest" time="0.008"/>
  <testcase name="testLegacySort" classname="com.demoup.sort.SortAlgorithmTest" time="0.004"/>
</testsuite>